2024-10-25 15:33:19,186 - INFO - Watching for file changes with StatReloader
2024-10-25 15:33:23,925 - WARNING - Not Found: /
2024-10-25 15:33:24,306 - WARNING - Not Found: /favicon.ico
2024-10-25 15:33:32,429 - WARNING - Not Found: /api
2024-10-25 15:34:34,761 - WARNING - Not Found: /api/post/
2024-10-25 15:35:28,185 - WARNING - Not Found: /api/post/
2024-10-25 15:35:31,281 - WARNING - Not Found: /api/post/
2024-10-25 15:36:42,059 - DEBUG - STREAM b'IHDR' 16 13
2024-10-25 15:36:42,060 - DEBUG - STREAM b'pHYs' 41 9
2024-10-25 15:36:42,060 - DEBUG - STREAM b'sRGB' 62 1
2024-10-25 15:36:42,060 - DEBUG - STREAM b'gAMA' 75 4
2024-10-25 15:36:42,060 - DEBUG - STREAM b'IDAT' 91 528316
2024-10-25 15:36:42,061 - DEBUG - Importing BlpImagePlugin
2024-10-25 15:36:42,062 - DEBUG - Importing BmpImagePlugin
2024-10-25 15:36:42,062 - DEBUG - Importing BufrStubImagePlugin
2024-10-25 15:36:42,062 - DEBUG - Importing CurImagePlugin
2024-10-25 15:36:42,062 - DEBUG - Importing DcxImagePlugin
2024-10-25 15:36:42,063 - DEBUG - Importing DdsImagePlugin
2024-10-25 15:36:42,065 - DEBUG - Importing EpsImagePlugin
2024-10-25 15:36:42,066 - DEBUG - Importing FitsImagePlugin
2024-10-25 15:36:42,066 - DEBUG - Importing FliImagePlugin
2024-10-25 15:36:42,066 - DEBUG - Importing FpxImagePlugin
2024-10-25 15:36:42,067 - DEBUG - Image: failed to import FpxImagePlugin: No module named 'olefile'
2024-10-25 15:36:42,067 - DEBUG - Importing FtexImagePlugin
2024-10-25 15:36:42,067 - DEBUG - Importing GbrImagePlugin
2024-10-25 15:36:42,067 - DEBUG - Importing GifImagePlugin
2024-10-25 15:36:42,067 - DEBUG - Importing GribStubImagePlugin
2024-10-25 15:36:42,067 - DEBUG - Importing Hdf5StubImagePlugin
2024-10-25 15:36:42,068 - DEBUG - Importing IcnsImagePlugin
2024-10-25 15:36:42,068 - DEBUG - Importing IcoImagePlugin
2024-10-25 15:36:42,069 - DEBUG - Importing ImImagePlugin
2024-10-25 15:36:42,070 - DEBUG - Importing ImtImagePlugin
2024-10-25 15:36:42,070 - DEBUG - Importing IptcImagePlugin
2024-10-25 15:36:42,070 - DEBUG - Importing JpegImagePlugin
2024-10-25 15:36:42,070 - DEBUG - Importing Jpeg2KImagePlugin
2024-10-25 15:36:42,070 - DEBUG - Importing McIdasImagePlugin
2024-10-25 15:36:42,070 - DEBUG - Importing MicImagePlugin
2024-10-25 15:36:42,071 - DEBUG - Image: failed to import MicImagePlugin: No module named 'olefile'
2024-10-25 15:36:42,071 - DEBUG - Importing MpegImagePlugin
2024-10-25 15:36:42,071 - DEBUG - Importing MpoImagePlugin
2024-10-25 15:36:42,079 - DEBUG - Importing MspImagePlugin
2024-10-25 15:36:42,079 - DEBUG - Importing PalmImagePlugin
2024-10-25 15:36:42,080 - DEBUG - Importing PcdImagePlugin
2024-10-25 15:36:42,080 - DEBUG - Importing PcxImagePlugin
2024-10-25 15:36:42,080 - DEBUG - Importing PdfImagePlugin
2024-10-25 15:36:42,084 - DEBUG - Importing PixarImagePlugin
2024-10-25 15:36:42,084 - DEBUG - Importing PngImagePlugin
2024-10-25 15:36:42,084 - DEBUG - Importing PpmImagePlugin
2024-10-25 15:36:42,084 - DEBUG - Importing PsdImagePlugin
2024-10-25 15:36:42,085 - DEBUG - Importing QoiImagePlugin
2024-10-25 15:36:42,085 - DEBUG - Importing SgiImagePlugin
2024-10-25 15:36:42,085 - DEBUG - Importing SpiderImagePlugin
2024-10-25 15:36:42,086 - DEBUG - Importing SunImagePlugin
2024-10-25 15:36:42,086 - DEBUG - Importing TgaImagePlugin
2024-10-25 15:36:42,086 - DEBUG - Importing TiffImagePlugin
2024-10-25 15:36:42,086 - DEBUG - Importing WebPImagePlugin
2024-10-25 15:36:42,088 - DEBUG - Importing WmfImagePlugin
2024-10-25 15:36:42,088 - DEBUG - Importing XbmImagePlugin
2024-10-25 15:36:42,089 - DEBUG - Importing XpmImagePlugin
2024-10-25 15:36:42,089 - DEBUG - Importing XVThumbImagePlugin
2024-10-25 15:37:00,899 - WARNING - Not Found: /api/post/
2024-10-25 15:37:01,106 - WARNING - Not Found: /favicon.ico
2024-10-25 15:37:06,080 - WARNING - Not Found: /api/post/
2024-10-25 15:37:09,527 - WARNING - Not Found: /api
2024-10-25 15:37:12,382 - WARNING - Not Found: /api/
2024-10-25 15:37:30,255 - WARNING - Not Found: /api/
2024-10-25 15:37:33,968 - WARNING - Not Found: /api
2024-10-25 15:38:18,748 - WARNING - Not Found: /api/post/
2024-10-25 15:38:45,506 - WARNING - Not Found: /api/
2024-10-25 15:39:03,241 - INFO - /home/saulojustiniano/www/ads/github/solar/apps/backend/plataforma/api/router.py changed, reloading.
2024-10-25 15:39:03,539 - INFO - Watching for file changes with StatReloader
2024-10-25 15:39:04,721 - INFO - /home/saulojustiniano/www/ads/github/solar/apps/backend/plataforma/api/router.py changed, reloading.
2024-10-25 15:39:05,013 - INFO - Watching for file changes with StatReloader
2024-10-25 15:39:36,662 - INFO - Novo teste al
2024-10-25 15:39:58,171 - WARNING - Not Found: /api/post/2/
2024-10-25 15:40:02,655 - WARNING - Not Found: /api/post/2/
2024-10-25 15:40:09,604 - WARNING - Not Found: /api/post/1/
2024-10-25 15:40:43,891 - WARNING - Not Found: /api/post/1/
2024-10-25 15:41:04,879 - WARNING - Not Found: /api/post/1/
2024-10-25 15:41:24,777 - WARNING - Not Found: /api/post/1/
2024-10-25 15:41:40,225 - WARNING - Not Found: /api/post/1/
2024-10-25 15:42:05,049 - INFO - Novo teste al
2024-10-25 15:42:07,225 - INFO - Novo teste al
2024-10-25 15:42:57,647 - WARNING - Not Found: /api/post/3/
2024-10-25 15:43:12,195 - WARNING - Not Found: /api/post/3/
2024-10-25 15:43:43,743 - INFO - Novo teste al
2024-10-25 15:43:59,896 - WARNING - Not Found: /api/post/1/
2024-10-25 15:44:01,212 - WARNING - Not Found: /api/post/1/
2024-10-25 15:44:01,911 - WARNING - Not Found: /api/post/1/
2024-10-25 15:45:04,167 - INFO - /home/saulojustiniano/www/ads/github/solar/apps/backend/backend/settings.py changed, reloading.
2024-10-25 15:45:04,450 - INFO - Watching for file changes with StatReloader
2024-10-25 15:45:08,620 - INFO - /home/saulojustiniano/www/ads/github/solar/apps/backend/backend/settings.py changed, reloading.
2024-10-25 15:45:08,869 - INFO - Watching for file changes with StatReloader
2024-10-25 15:46:08,429 - INFO - /home/saulojustiniano/www/ads/github/solar/apps/backend/backend/settings.py changed, reloading.
2024-10-25 15:46:08,652 - INFO - Watching for file changes with StatReloader
2024-10-25 15:47:55,529 - INFO - /home/saulojustiniano/www/ads/github/solar/apps/backend/backend/settings.py changed, reloading.
2024-10-25 15:47:55,794 - INFO - Watching for file changes with StatReloader
2024-10-25 15:48:13,243 - INFO - /home/saulojustiniano/www/ads/github/solar/apps/backend/backend/settings.py changed, reloading.
2024-10-25 15:48:13,539 - INFO - Watching for file changes with StatReloader
2024-10-25 15:48:18,787 - INFO - /home/saulojustiniano/www/ads/github/solar/apps/backend/backend/settings.py changed, reloading.
2024-10-25 15:48:19,059 - INFO - Watching for file changes with StatReloader
2024-10-25 15:48:33,425 - INFO - /home/saulojustiniano/www/ads/github/solar/apps/backend/backend/settings.py changed, reloading.
2024-10-25 15:48:33,689 - INFO - Watching for file changes with StatReloader
2024-10-25 15:49:11,442 - INFO - /home/saulojustiniano/www/ads/github/solar/apps/backend/backend/settings.py changed, reloading.
2024-10-25 15:49:11,746 - INFO - Watching for file changes with StatReloader
2024-10-25 15:49:16,963 - INFO - /home/saulojustiniano/www/ads/github/solar/apps/backend/backend/settings.py changed, reloading.
2024-10-25 15:49:17,236 - INFO - Watching for file changes with StatReloader
2024-10-25 15:50:04,975 - INFO - Middleware: Interceptando requisição
2024-10-25 15:50:05,196 - INFO - Middleware: Interceptando resposta
2024-10-25 15:50:16,288 - INFO - Middleware: Interceptando requisição
2024-10-25 15:50:16,293 - INFO - Middleware: Interceptando resposta
2024-10-25 15:50:16,294 - WARNING - Not Found: /api/post/1/
2024-10-25 15:52:30,585 - INFO - /home/saulojustiniano/www/ads/github/solar/apps/backend/plataforma/api/router.py changed, reloading.
2024-10-25 15:52:30,885 - INFO - Watching for file changes with StatReloader
2024-10-25 15:52:45,296 - INFO - /home/saulojustiniano/www/ads/github/solar/apps/backend/backend/urls.py changed, reloading.
2024-10-25 15:52:45,570 - INFO - Watching for file changes with StatReloader
2024-10-25 15:52:59,408 - INFO - Middleware: Interceptando requisição
2024-10-25 15:52:59,413 - INFO - Middleware: Interceptando resposta
2024-10-25 15:52:59,413 - WARNING - Unauthorized: /api/post/1/
2024-10-25 15:53:04,177 - INFO - Middleware: Interceptando requisição
2024-10-25 15:53:04,387 - INFO - Middleware: Interceptando resposta
2024-10-25 15:53:15,494 - INFO - Middleware: Interceptando requisição
2024-10-25 15:53:15,523 - INFO - Middleware: Interceptando resposta
2024-10-25 16:01:01,859 - INFO - Watching for file changes with StatReloader
2024-10-25 16:44:15,364 - INFO - Middleware: Interceptando requisição
2024-10-25 16:44:15,370 - INFO - Middleware: Interceptando resposta
2024-10-25 16:44:15,370 - WARNING - Not Found: /api/posts/
2024-10-25 16:44:15,373 - INFO - Middleware: Interceptando requisição
2024-10-25 16:44:15,377 - INFO - Middleware: Interceptando resposta
2024-10-25 16:44:15,377 - WARNING - Not Found: /api/posts/
2024-10-25 16:44:15,662 - INFO - Middleware: Interceptando requisição
2024-10-25 16:44:15,669 - INFO - Middleware: Interceptando resposta
2024-10-25 16:44:15,671 - WARNING - Not Found: /api/posts/
2024-10-25 16:44:15,674 - INFO - Middleware: Interceptando requisição
2024-10-25 16:44:15,681 - INFO - Middleware: Interceptando resposta
2024-10-25 16:44:15,682 - WARNING - Not Found: /api/posts/
2024-10-25 17:22:43,311 - INFO - Middleware: Interceptando requisição
2024-10-25 17:22:43,312 - INFO - Middleware: Interceptando resposta
2024-10-25 17:22:43,318 - INFO - Middleware: Interceptando requisição
2024-10-25 17:22:43,615 - INFO - Middleware: Interceptando resposta
2024-10-25 17:22:43,800 - INFO - Middleware: Interceptando requisição
2024-10-25 17:22:43,801 - INFO - Middleware: Interceptando resposta
2024-10-25 17:22:43,801 - INFO - Middleware: Interceptando requisição
2024-10-25 17:22:43,802 - INFO - Middleware: Interceptando resposta
2024-10-25 17:22:43,808 - INFO - Middleware: Interceptando requisição
2024-10-25 17:22:43,812 - INFO - Middleware: Interceptando resposta
2024-10-25 17:22:43,812 - WARNING - Not Found: /api/posts/
2024-10-25 17:22:43,854 - INFO - Middleware: Interceptando requisição
2024-10-25 17:22:43,859 - INFO - Middleware: Interceptando resposta
2024-10-25 17:22:43,859 - WARNING - Not Found: /api/posts/
2024-10-25 17:23:32,513 - INFO - Middleware: Interceptando requisição
2024-10-25 17:23:32,516 - INFO - Middleware: Interceptando resposta
2024-10-25 17:23:32,516 - WARNING - Bad Request: /api/token/
2024-10-25 17:23:35,645 - INFO - Middleware: Interceptando requisição
2024-10-25 17:23:35,880 - INFO - Middleware: Interceptando resposta
2024-10-25 17:23:35,880 - WARNING - Unauthorized: /api/token/
2024-10-25 17:23:41,679 - INFO - Middleware: Interceptando requisição
2024-10-25 17:23:41,906 - INFO - Middleware: Interceptando resposta
2024-10-25 17:23:41,967 - INFO - Middleware: Interceptando requisição
2024-10-25 17:23:41,971 - INFO - Middleware: Interceptando resposta
2024-10-25 17:23:41,972 - WARNING - Not Found: /api/posts/
2024-10-25 17:23:41,973 - INFO - Middleware: Interceptando requisição
2024-10-25 17:23:41,977 - INFO - Middleware: Interceptando resposta
2024-10-25 17:23:41,977 - WARNING - Not Found: /api/posts/
2024-10-25 17:24:47,121 - INFO - Middleware: Interceptando requisição
2024-10-25 17:24:47,124 - INFO - Middleware: Interceptando resposta
2024-10-25 17:24:47,125 - WARNING - Not Found: /api/posts/
2024-10-25 17:25:01,463 - INFO - Middleware: Interceptando requisição
2024-10-25 17:25:01,483 - INFO - Middleware: Interceptando resposta
2024-10-25 17:25:01,483 - WARNING - Unauthorized: /api/post/
2024-10-25 17:25:26,077 - INFO - Middleware: Interceptando requisição
2024-10-25 17:25:26,078 - INFO - Middleware: Interceptando resposta
2024-10-25 17:25:26,082 - INFO - Middleware: Interceptando requisição
2024-10-25 17:25:26,094 - INFO - Middleware: Interceptando resposta
2024-10-25 17:25:31,716 - INFO - Middleware: Interceptando requisição
2024-10-25 17:25:31,949 - INFO - Middleware: Interceptando resposta
2024-10-25 17:25:32,018 - INFO - Middleware: Interceptando requisição
2024-10-25 17:25:32,032 - INFO - Middleware: Interceptando resposta
2024-10-25 17:25:32,033 - INFO - Middleware: Interceptando requisição
2024-10-25 17:25:32,049 - INFO - Middleware: Interceptando resposta
2024-10-25 17:25:59,252 - INFO - Middleware: Interceptando requisição
2024-10-25 17:25:59,268 - INFO - Middleware: Interceptando resposta
2024-10-25 17:25:59,269 - INFO - Middleware: Interceptando requisição
2024-10-25 17:25:59,283 - INFO - Middleware: Interceptando resposta
2024-10-25 17:26:18,285 - INFO - Middleware: Interceptando requisição
2024-10-25 17:26:18,305 - INFO - Middleware: Interceptando resposta
2024-10-25 17:26:18,307 - INFO - Middleware: Interceptando requisição
2024-10-25 17:26:18,323 - INFO - Middleware: Interceptando resposta
2024-10-25 17:27:33,147 - INFO - Middleware: Interceptando requisição
2024-10-25 17:27:33,378 - INFO - Middleware: Interceptando resposta
2024-10-25 17:29:31,826 - INFO - /home/saulojustiniano/www/ads/github/solar/apps/backend/plataforma/models.py changed, reloading.
2024-10-25 17:29:32,251 - INFO - Watching for file changes with StatReloader
2024-10-25 17:29:41,551 - INFO - /home/saulojustiniano/www/ads/github/solar/apps/backend/plataforma/models.py changed, reloading.
2024-10-25 17:29:41,873 - INFO - Watching for file changes with StatReloader
2024-10-25 17:30:06,874 - INFO - Watching for file changes with StatReloader
2024-10-25 17:32:04,922 - INFO - Middleware: Interceptando requisição
2024-10-25 17:32:05,156 - INFO - Middleware: Interceptando resposta
2024-10-25 17:32:05,220 - INFO - Middleware: Interceptando requisição
2024-10-25 17:32:05,239 - INFO - Middleware: Interceptando resposta
2024-10-25 17:32:05,242 - INFO - Middleware: Interceptando requisição
2024-10-25 17:32:05,257 - INFO - Middleware: Interceptando resposta
2024-10-25 17:33:59,089 - INFO - Middleware: Interceptando requisição
2024-10-25 17:33:59,120 - INFO - Middleware: Interceptando resposta
2024-10-25 17:33:59,122 - INFO - Middleware: Interceptando requisição
2024-10-25 17:33:59,140 - INFO - Middleware: Interceptando resposta
2024-10-25 17:34:14,275 - INFO - Middleware: Interceptando requisição
2024-10-25 17:34:14,494 - INFO - Middleware: Interceptando resposta
2024-10-25 17:34:14,550 - INFO - Middleware: Interceptando requisição
2024-10-25 17:34:14,563 - INFO - Middleware: Interceptando resposta
2024-10-25 17:34:14,564 - INFO - Middleware: Interceptando requisição
2024-10-25 17:34:14,577 - INFO - Middleware: Interceptando resposta
2024-10-25 17:34:22,318 - INFO - Middleware: Interceptando requisição
2024-10-25 17:34:22,335 - INFO - Middleware: Interceptando resposta
2024-10-25 17:34:22,336 - INFO - Middleware: Interceptando requisição
2024-10-25 17:34:22,353 - INFO - Middleware: Interceptando resposta
2024-10-25 17:34:54,942 - INFO - Middleware: Interceptando requisição
2024-10-25 17:34:54,957 - INFO - Middleware: Interceptando resposta
2024-10-25 17:35:36,303 - INFO - Middleware: Interceptando requisição
2024-10-25 17:35:36,316 - INFO - Middleware: Interceptando resposta
2024-10-25 17:36:20,396 - INFO - Middleware: Interceptando requisição
2024-10-25 17:36:20,411 - INFO - Middleware: Interceptando resposta
2024-10-25 17:37:09,017 - INFO - Middleware: Interceptando requisição
2024-10-25 17:37:09,032 - INFO - Middleware: Interceptando resposta
2024-10-25 17:37:09,033 - INFO - Middleware: Interceptando requisição
2024-10-25 17:37:09,049 - INFO - Middleware: Interceptando resposta
2024-10-25 17:37:27,916 - INFO - Middleware: Interceptando requisição
2024-10-25 17:37:27,929 - INFO - Middleware: Interceptando resposta
2024-10-25 17:37:27,929 - WARNING - Unauthorized: /api/post/
2024-10-25 17:37:36,882 - INFO - Middleware: Interceptando requisição
2024-10-25 17:37:36,883 - INFO - Middleware: Interceptando resposta
2024-10-25 17:37:36,883 - WARNING - Unauthorized: /api/post/
2024-10-25 17:37:44,006 - INFO - Middleware: Interceptando requisição
2024-10-25 17:37:44,226 - INFO - Middleware: Interceptando resposta
2024-10-25 17:37:56,769 - INFO - Middleware: Interceptando requisição
2024-10-25 17:37:56,773 - INFO - Middleware: Interceptando resposta
2024-10-25 17:37:56,778 - INFO - Middleware: Interceptando requisição
2024-10-25 17:37:56,801 - INFO - Middleware: Interceptando resposta
2024-10-25 17:39:30,087 - INFO - Middleware: Interceptando requisição
2024-10-25 17:39:30,089 - INFO - Middleware: Interceptando resposta
2024-10-25 17:39:30,089 - WARNING - Unauthorized: /api/post/
2024-10-25 17:39:37,183 - INFO - Middleware: Interceptando requisição
2024-10-25 17:39:37,400 - INFO - Middleware: Interceptando resposta
2024-10-25 17:39:37,468 - INFO - Middleware: Interceptando requisição
2024-10-25 17:39:37,482 - INFO - Middleware: Interceptando resposta
2024-10-25 17:39:37,484 - INFO - Middleware: Interceptando requisição
2024-10-25 17:39:37,499 - INFO - Middleware: Interceptando resposta
2024-10-25 17:39:51,807 - INFO - Middleware: Interceptando requisição
2024-10-25 17:39:51,808 - INFO - Middleware: Interceptando requisição
2024-10-25 17:39:51,808 - INFO - Middleware: Interceptando resposta
2024-10-25 17:39:51,808 - INFO - Middleware: Interceptando resposta
2024-10-25 17:39:51,815 - INFO - Middleware: Interceptando requisição
2024-10-25 17:39:51,829 - INFO - Middleware: Interceptando resposta
2024-10-25 17:39:51,871 - INFO - Middleware: Interceptando requisição
2024-10-25 17:39:51,885 - INFO - Middleware: Interceptando resposta
2024-10-25 17:39:51,919 - INFO - Middleware: Interceptando requisição
2024-10-25 17:39:51,922 - INFO - Middleware: Interceptando resposta
2024-10-25 17:39:54,785 - INFO - Middleware: Interceptando requisição
2024-10-25 17:39:54,802 - INFO - Middleware: Interceptando resposta
2024-10-25 17:39:54,804 - INFO - Middleware: Interceptando requisição
2024-10-25 17:39:54,817 - INFO - Middleware: Interceptando resposta
2024-10-25 17:39:55,723 - INFO - Middleware: Interceptando requisição
2024-10-25 17:39:55,724 - INFO - Middleware: Interceptando resposta
2024-10-25 17:39:55,729 - INFO - Middleware: Interceptando requisição
2024-10-25 17:39:55,729 - INFO - Middleware: Interceptando resposta
2024-10-25 17:39:55,731 - INFO - Middleware: Interceptando requisição
2024-10-25 17:39:55,748 - INFO - Middleware: Interceptando resposta
2024-10-25 17:39:55,790 - INFO - Middleware: Interceptando requisição
2024-10-25 17:39:55,806 - INFO - Middleware: Interceptando resposta
2024-10-25 17:39:57,853 - INFO - Middleware: Interceptando requisição
2024-10-25 17:39:57,865 - INFO - Middleware: Interceptando resposta
2024-10-25 17:39:57,866 - INFO - Middleware: Interceptando requisição
2024-10-25 17:39:57,880 - INFO - Middleware: Interceptando resposta
2024-10-25 17:41:02,262 - INFO - Middleware: Interceptando requisição
2024-10-25 17:41:02,286 - INFO - Middleware: Interceptando resposta
2024-10-25 17:41:02,288 - INFO - Middleware: Interceptando requisição
2024-10-25 17:41:02,307 - INFO - Middleware: Interceptando resposta
2024-10-25 17:41:08,680 - INFO - Middleware: Interceptando requisição
2024-10-25 17:41:08,702 - INFO - Middleware: Interceptando resposta
2024-10-25 17:41:08,710 - INFO - Middleware: Interceptando requisição
2024-10-25 17:41:08,728 - INFO - Middleware: Interceptando resposta
2024-10-25 17:41:09,773 - INFO - Middleware: Interceptando requisição
2024-10-25 17:41:09,785 - INFO - Middleware: Interceptando resposta
2024-10-25 17:41:09,787 - INFO - Middleware: Interceptando requisição
2024-10-25 17:41:09,801 - INFO - Middleware: Interceptando resposta
2024-10-25 17:41:23,056 - INFO - Middleware: Interceptando requisição
2024-10-25 17:41:23,077 - INFO - Middleware: Interceptando resposta
2024-10-25 17:41:23,078 - INFO - Middleware: Interceptando requisição
2024-10-25 17:41:23,094 - INFO - Middleware: Interceptando resposta
2024-10-25 17:41:52,691 - INFO - Middleware: Interceptando requisição
2024-10-25 17:41:52,706 - INFO - Middleware: Interceptando resposta
2024-10-25 17:41:52,710 - INFO - Middleware: Interceptando requisição
2024-10-25 17:41:52,737 - INFO - Middleware: Interceptando resposta
2024-10-25 17:41:55,106 - INFO - Middleware: Interceptando requisição
2024-10-25 17:41:55,140 - INFO - Middleware: Interceptando resposta
2024-10-25 17:42:01,727 - INFO - Middleware: Interceptando requisição
2024-10-25 17:42:01,762 - INFO - Middleware: Interceptando resposta
2024-10-25 17:42:03,929 - INFO - Middleware: Interceptando requisição
2024-10-25 17:42:03,955 - INFO - Middleware: Interceptando resposta
2024-10-25 17:42:03,958 - INFO - Middleware: Interceptando requisição
2024-10-25 17:42:03,979 - INFO - Middleware: Interceptando resposta
2024-10-25 17:45:09,671 - INFO - /home/saulojustiniano/www/ads/github/solar/apps/backend/backend/settings.py changed, reloading.
2024-10-25 17:45:09,925 - INFO - Watching for file changes with StatReloader
2024-10-25 17:45:14,108 - INFO - /home/saulojustiniano/www/ads/github/solar/apps/backend/backend/settings.py changed, reloading.
2024-10-25 17:45:14,377 - INFO - Watching for file changes with StatReloader
2024-10-25 17:45:18,094 - INFO - Middleware: Interceptando requisição
2024-10-25 17:45:18,104 - INFO - Middleware: Interceptando resposta
2024-10-25 17:45:18,104 - WARNING - Unauthorized: /api/post/
2024-10-25 17:45:18,125 - INFO - Middleware: Interceptando requisição
2024-10-25 17:45:18,126 - INFO - Middleware: Interceptando resposta
2024-10-25 17:45:18,126 - WARNING - Unauthorized: /api/post/
2024-10-25 17:45:25,616 - INFO - Middleware: Interceptando requisição
2024-10-25 17:45:25,826 - INFO - Middleware: Interceptando resposta
2024-10-25 17:45:25,898 - INFO - Middleware: Interceptando requisição
2024-10-25 17:45:25,919 - INFO - Middleware: Interceptando resposta
2024-10-25 17:45:25,923 - INFO - Middleware: Interceptando requisição
2024-10-25 17:45:25,943 - INFO - Middleware: Interceptando resposta
2024-10-25 17:46:03,681 - INFO - Middleware: Interceptando requisição
2024-10-25 17:46:03,906 - INFO - Middleware: Interceptando resposta
2024-10-25 17:46:03,969 - INFO - Middleware: Interceptando requisição
2024-10-25 17:46:03,983 - INFO - Middleware: Interceptando resposta
2024-10-25 17:46:03,984 - INFO - Middleware: Interceptando requisição
2024-10-25 17:46:03,997 - INFO - Middleware: Interceptando resposta
2024-10-25 17:46:06,943 - INFO - Middleware: Interceptando requisição
2024-10-25 17:46:06,943 - INFO - Middleware: Interceptando resposta
2024-10-25 17:46:06,949 - INFO - Middleware: Interceptando requisição
2024-10-25 17:46:06,987 - INFO - Middleware: Interceptando resposta
2024-10-25 17:46:07,905 - INFO - Middleware: Interceptando requisição
2024-10-25 17:46:07,905 - INFO - Middleware: Interceptando resposta
2024-10-25 17:46:07,912 - INFO - Middleware: Interceptando requisição
2024-10-25 17:46:07,951 - INFO - Middleware: Interceptando resposta
2024-10-25 17:46:10,042 - INFO - Middleware: Interceptando requisição
2024-10-25 17:46:10,069 - INFO - Middleware: Interceptando resposta
2024-10-25 17:46:10,072 - INFO - Middleware: Interceptando requisição
2024-10-25 17:46:10,093 - INFO - Middleware: Interceptando resposta
2024-10-25 17:47:09,337 - INFO - Middleware: Interceptando requisição
2024-10-25 17:47:09,363 - INFO - Middleware: Interceptando resposta
2024-10-25 17:48:15,318 - INFO - Middleware: Interceptando requisição
2024-10-25 17:48:15,337 - INFO - Middleware: Interceptando resposta
2024-10-25 17:48:15,338 - INFO - Middleware: Interceptando requisição
2024-10-25 17:48:15,355 - INFO - Middleware: Interceptando resposta
2024-10-25 17:48:16,087 - INFO - Middleware: Interceptando requisição
2024-10-25 17:48:16,106 - INFO - Middleware: Interceptando resposta
2024-10-25 17:48:16,108 - INFO - Middleware: Interceptando requisição
2024-10-25 17:48:16,132 - INFO - Middleware: Interceptando resposta
2024-10-25 19:54:44,030 - INFO - Watching for file changes with StatReloader
2024-10-25 19:55:13,904 - INFO - Middleware: Interceptando requisição
2024-10-25 19:55:13,905 - INFO - Middleware: Interceptando resposta
2024-10-25 19:55:13,911 - INFO - Middleware: Interceptando requisição
2024-10-25 19:55:14,148 - INFO - Middleware: Interceptando resposta
2024-10-25 19:55:14,286 - INFO - Middleware: Interceptando requisição
2024-10-25 19:55:14,287 - INFO - Middleware: Interceptando resposta
2024-10-25 19:55:14,293 - INFO - Middleware: Interceptando requisição
2024-10-25 19:55:14,294 - INFO - Middleware: Interceptando resposta
2024-10-25 19:55:14,298 - INFO - Middleware: Interceptando requisição
2024-10-25 19:55:14,317 - INFO - Middleware: Interceptando resposta
2024-10-25 19:55:14,359 - INFO - Middleware: Interceptando requisição
2024-10-25 19:55:14,373 - INFO - Middleware: Interceptando resposta
2024-10-25 19:59:55,869 - INFO - Middleware: Interceptando requisição
2024-10-25 19:59:55,885 - INFO - Middleware: Interceptando resposta
2024-10-25 19:59:55,887 - INFO - Middleware: Interceptando requisição
2024-10-25 19:59:55,904 - INFO - Middleware: Interceptando resposta
2024-10-25 19:59:56,915 - INFO - Middleware: Interceptando requisição
2024-10-25 19:59:56,936 - INFO - Middleware: Interceptando resposta
2024-10-25 19:59:56,939 - INFO - Middleware: Interceptando requisição
2024-10-25 19:59:56,955 - INFO - Middleware: Interceptando resposta
2024-10-25 19:59:57,386 - INFO - Middleware: Interceptando requisição
2024-10-25 19:59:57,405 - INFO - Middleware: Interceptando resposta
2024-10-25 19:59:57,407 - INFO - Middleware: Interceptando requisição
2024-10-25 19:59:57,423 - INFO - Middleware: Interceptando resposta
2024-10-25 19:59:57,690 - INFO - Middleware: Interceptando requisição
2024-10-25 19:59:57,709 - INFO - Middleware: Interceptando resposta
2024-10-25 19:59:57,711 - INFO - Middleware: Interceptando requisição
2024-10-25 19:59:57,727 - INFO - Middleware: Interceptando resposta
2024-10-25 19:59:58,008 - INFO - Middleware: Interceptando requisição
2024-10-25 19:59:58,027 - INFO - Middleware: Interceptando resposta
2024-10-25 19:59:58,030 - INFO - Middleware: Interceptando requisição
2024-10-25 19:59:58,053 - INFO - Middleware: Interceptando resposta
2024-10-25 20:02:50,086 - INFO - Middleware: Interceptando requisição
2024-10-25 20:02:50,088 - INFO - Middleware: Interceptando resposta
2024-10-25 20:02:50,088 - WARNING - Unauthorized: /api/post/
2024-10-25 20:02:54,581 - INFO - Middleware: Interceptando requisição
2024-10-25 20:02:54,820 - INFO - Middleware: Interceptando resposta
2024-10-25 20:02:54,887 - INFO - Middleware: Interceptando requisição
2024-10-25 20:02:54,904 - INFO - Middleware: Interceptando resposta
2024-10-25 20:02:54,906 - INFO - Middleware: Interceptando requisição
2024-10-25 20:02:54,919 - INFO - Middleware: Interceptando resposta
2024-10-25 20:03:04,616 - INFO - Middleware: Interceptando requisição
2024-10-25 20:03:04,629 - INFO - Middleware: Interceptando resposta
2024-10-25 20:03:04,631 - INFO - Middleware: Interceptando requisição
2024-10-25 20:03:04,646 - INFO - Middleware: Interceptando resposta
2024-10-25 20:04:33,673 - INFO - Middleware: Interceptando requisição
2024-10-25 20:04:33,689 - INFO - Middleware: Interceptando resposta
2024-10-25 20:04:33,690 - INFO - Middleware: Interceptando requisição
2024-10-25 20:04:33,705 - INFO - Middleware: Interceptando resposta
2024-10-25 20:05:04,069 - INFO - Middleware: Interceptando requisição
2024-10-25 20:05:04,301 - INFO - Middleware: Interceptando resposta
2024-10-25 20:05:21,588 - INFO - Middleware: Interceptando requisição
2024-10-25 20:05:21,602 - INFO - Middleware: Interceptando resposta
2024-10-25 20:05:21,606 - INFO - Middleware: Interceptando requisição
2024-10-25 20:05:21,626 - INFO - Middleware: Interceptando resposta
2024-10-25 20:05:40,460 - INFO - /home/saulojustiniano/www/ads/github/solar/apps/backend/backend/settings.py changed, reloading.
2024-10-25 20:05:40,848 - INFO - Watching for file changes with StatReloader
2024-10-25 20:05:47,094 - INFO - /home/saulojustiniano/www/ads/github/solar/apps/backend/backend/settings.py changed, reloading.
2024-10-25 20:05:47,402 - INFO - Watching for file changes with StatReloader
2024-10-25 20:05:54,258 - INFO - Middleware: Interceptando requisição
2024-10-25 20:05:54,264 - INFO - Middleware: Interceptando resposta
2024-10-25 20:05:54,268 - INFO - Middleware: Interceptando requisição
2024-10-25 20:05:54,313 - INFO - Middleware: Interceptando resposta
2024-10-25 20:06:25,093 - INFO - /home/saulojustiniano/www/ads/github/solar/apps/backend/backend/settings.py changed, reloading.
2024-10-25 20:06:25,352 - INFO - Watching for file changes with StatReloader
2024-10-25 20:06:44,710 - INFO - Watching for file changes with StatReloader
2024-10-25 20:06:51,862 - INFO - Middleware: Interceptando requisição
2024-10-25 20:06:51,863 - INFO - Middleware: Interceptando resposta
2024-10-25 20:06:51,864 - WARNING - Forbidden: /api/post/
2024-10-25 20:06:51,868 - INFO - Middleware: Interceptando requisição
2024-10-25 20:06:51,870 - INFO - Middleware: Interceptando resposta
2024-10-25 20:06:51,871 - WARNING - Forbidden: /api/post/
2024-10-25 20:06:59,491 - INFO - Middleware: Interceptando requisição
2024-10-25 20:06:59,492 - INFO - Middleware: Interceptando resposta
2024-10-25 20:06:59,492 - WARNING - Forbidden: /api/post/
2024-10-25 20:06:59,493 - INFO - Middleware: Interceptando requisição
2024-10-25 20:06:59,495 - INFO - Middleware: Interceptando resposta
2024-10-25 20:06:59,495 - WARNING - Forbidden: /api/post/
2024-10-25 20:07:00,875 - INFO - Middleware: Interceptando requisição
2024-10-25 20:07:00,876 - INFO - Middleware: Interceptando resposta
2024-10-25 20:07:00,876 - WARNING - Forbidden: /api/post/
2024-10-25 20:07:00,878 - INFO - Middleware: Interceptando requisição
2024-10-25 20:07:00,879 - INFO - Middleware: Interceptando resposta
2024-10-25 20:07:00,879 - WARNING - Forbidden: /api/post/
2024-10-25 20:08:11,147 - INFO - /home/saulojustiniano/www/ads/github/solar/apps/backend/backend/settings.py changed, reloading.
2024-10-25 20:08:11,425 - INFO - Watching for file changes with StatReloader
2024-10-25 20:08:12,554 - INFO - /home/saulojustiniano/www/ads/github/solar/apps/backend/backend/settings.py changed, reloading.
2024-10-25 20:08:12,835 - INFO - Watching for file changes with StatReloader
2024-10-25 20:08:24,675 - INFO - Watching for file changes with StatReloader
2024-10-25 20:08:26,812 - INFO - /home/saulojustiniano/www/ads/github/solar/apps/backend/backend/settings.py changed, reloading.
2024-10-25 20:08:27,107 - INFO - Watching for file changes with StatReloader
2024-10-25 20:08:37,334 - INFO - Middleware: Interceptando requisição
2024-10-25 20:08:37,335 - INFO - Middleware: Interceptando resposta
2024-10-25 20:08:37,336 - WARNING - Forbidden: /api/post/
2024-10-25 20:08:37,342 - INFO - Middleware: Interceptando requisição
2024-10-25 20:08:37,343 - INFO - Middleware: Interceptando resposta
2024-10-25 20:08:37,343 - WARNING - Forbidden: /api/post/
2024-10-25 20:08:47,015 - INFO - Middleware: Interceptando requisição
2024-10-25 20:08:47,015 - INFO - Middleware: Interceptando resposta
2024-10-25 20:08:47,016 - WARNING - Forbidden: /api/post/
2024-10-25 20:08:47,017 - INFO - Middleware: Interceptando requisição
2024-10-25 20:08:47,018 - INFO - Middleware: Interceptando resposta
2024-10-25 20:08:47,018 - WARNING - Forbidden: /api/post/
2024-10-25 20:09:09,241 - INFO - Middleware: Interceptando requisição
2024-10-25 20:09:09,241 - INFO - Middleware: Interceptando resposta
2024-10-25 20:09:09,242 - WARNING - Forbidden: /api/post/
2024-10-25 20:09:09,243 - INFO - Middleware: Interceptando requisição
2024-10-25 20:09:09,244 - INFO - Middleware: Interceptando resposta
2024-10-25 20:09:09,244 - WARNING - Forbidden: /api/post/
2024-10-25 20:09:11,810 - INFO - Middleware: Interceptando requisição
2024-10-25 20:09:11,811 - INFO - Middleware: Interceptando resposta
2024-10-25 20:09:11,811 - WARNING - Forbidden: /api/post/
2024-10-25 20:09:11,819 - INFO - Middleware: Interceptando requisição
2024-10-25 20:09:11,820 - INFO - Middleware: Interceptando resposta
2024-10-25 20:09:11,820 - WARNING - Forbidden: /api/post/
2024-10-25 20:12:08,218 - INFO - Middleware: Interceptando requisição
2024-10-25 20:12:08,460 - INFO - Middleware: Interceptando resposta
2024-10-25 20:12:08,518 - INFO - Middleware: Interceptando requisição
2024-10-25 20:12:08,518 - INFO - Middleware: Interceptando requisição
2024-10-25 20:12:08,519 - INFO - Middleware: Interceptando resposta
2024-10-25 20:12:08,519 - INFO - Middleware: Interceptando resposta
2024-10-25 20:12:08,528 - INFO - Middleware: Interceptando requisição
2024-10-25 20:12:08,534 - INFO - Middleware: Interceptando resposta
2024-10-25 20:12:08,534 - WARNING - Not Found: /api/posts/
2024-10-25 20:12:08,576 - INFO - Middleware: Interceptando requisição
2024-10-25 20:12:08,580 - INFO - Middleware: Interceptando resposta
2024-10-25 20:12:08,580 - WARNING - Not Found: /api/posts/
2024-10-25 20:13:58,318 - INFO - Middleware: Interceptando requisição
2024-10-25 20:13:58,324 - INFO - Middleware: Interceptando resposta
2024-10-25 20:13:58,325 - WARNING - Not Found: /api/posts/
2024-10-25 20:14:47,076 - INFO - Middleware: Interceptando requisição
2024-10-25 20:14:47,078 - INFO - Middleware: Interceptando resposta
2024-10-25 20:14:47,079 - WARNING - Not Found: /api/posts/
2024-10-25 20:14:56,066 - INFO - Middleware: Interceptando requisição
2024-10-25 20:14:56,288 - INFO - Middleware: Interceptando resposta
2024-10-25 20:14:56,347 - INFO - Middleware: Interceptando requisição
2024-10-25 20:14:56,351 - INFO - Middleware: Interceptando resposta
2024-10-25 20:14:56,351 - WARNING - Not Found: /api/posts/
2024-10-25 20:14:56,352 - INFO - Middleware: Interceptando requisição
2024-10-25 20:14:56,358 - INFO - Middleware: Interceptando resposta
2024-10-25 20:14:56,358 - WARNING - Not Found: /api/posts/
2024-10-25 20:15:55,078 - INFO - Middleware: Interceptando requisição
2024-10-25 20:15:55,085 - INFO - Middleware: Interceptando resposta
2024-10-25 20:15:55,086 - WARNING - Not Found: /api/posts/
2024-10-25 20:15:55,089 - INFO - Middleware: Interceptando requisição
2024-10-25 20:15:55,099 - INFO - Middleware: Interceptando resposta
2024-10-25 20:15:55,100 - WARNING - Not Found: /api/posts/
2024-10-25 20:15:58,080 - INFO - Middleware: Interceptando requisição
2024-10-25 20:15:58,082 - INFO - Middleware: Interceptando resposta
2024-10-25 20:15:58,082 - WARNING - Forbidden: /api/post/
2024-10-25 20:15:58,084 - INFO - Middleware: Interceptando requisição
2024-10-25 20:15:58,087 - INFO - Middleware: Interceptando resposta
2024-10-25 20:15:58,087 - WARNING - Forbidden: /api/post/
2024-10-25 20:16:05,078 - INFO - Middleware: Interceptando requisição
2024-10-25 20:16:05,080 - INFO - Middleware: Interceptando resposta
2024-10-25 20:16:05,081 - WARNING - Forbidden: /api/post/
2024-10-25 20:16:05,083 - INFO - Middleware: Interceptando requisição
2024-10-25 20:16:05,084 - INFO - Middleware: Interceptando resposta
2024-10-25 20:16:05,085 - WARNING - Forbidden: /api/post/
2024-10-25 20:16:06,082 - INFO - Middleware: Interceptando requisição
2024-10-25 20:16:06,083 - INFO - Middleware: Interceptando resposta
2024-10-25 20:16:06,083 - WARNING - Forbidden: /api/post/
2024-10-25 20:16:06,086 - INFO - Middleware: Interceptando requisição
2024-10-25 20:16:06,087 - INFO - Middleware: Interceptando resposta
2024-10-25 20:16:06,088 - WARNING - Forbidden: /api/post/
2024-10-25 20:16:10,344 - INFO - Middleware: Interceptando requisição
2024-10-25 20:16:10,345 - INFO - Middleware: Interceptando resposta
2024-10-25 20:16:10,345 - WARNING - Forbidden: /api/post/
2024-10-25 20:16:10,352 - INFO - Middleware: Interceptando requisição
2024-10-25 20:16:10,354 - INFO - Middleware: Interceptando resposta
2024-10-25 20:16:10,354 - WARNING - Forbidden: /api/post/
2024-10-25 20:16:11,667 - INFO - Middleware: Interceptando requisição
2024-10-25 20:16:11,668 - INFO - Middleware: Interceptando resposta
2024-10-25 20:16:11,668 - WARNING - Forbidden: /api/post/
2024-10-25 20:16:11,669 - INFO - Middleware: Interceptando requisição
2024-10-25 20:16:11,670 - INFO - Middleware: Interceptando resposta
2024-10-25 20:16:11,670 - WARNING - Forbidden: /api/post/
2024-10-25 20:16:28,091 - INFO - Middleware: Interceptando requisição
2024-10-25 20:16:28,091 - INFO - Middleware: Interceptando resposta
2024-10-25 20:16:28,092 - WARNING - Forbidden: /api/post/
2024-10-25 20:16:29,081 - INFO - Middleware: Interceptando requisição
2024-10-25 20:16:29,083 - INFO - Middleware: Interceptando resposta
2024-10-25 20:16:29,083 - WARNING - Forbidden: /api/post/
2024-10-25 20:16:32,183 - INFO - Middleware: Interceptando requisição
2024-10-25 20:16:32,184 - INFO - Middleware: Interceptando resposta
2024-10-25 20:16:32,184 - WARNING - Forbidden: /api/post/
2024-10-25 20:16:32,186 - INFO - Middleware: Interceptando requisição
2024-10-25 20:16:32,187 - INFO - Middleware: Interceptando resposta
2024-10-25 20:16:32,188 - WARNING - Forbidden: /api/post/
2024-10-25 20:16:42,508 - INFO - Middleware: Interceptando requisição
2024-10-25 20:16:42,508 - INFO - Middleware: Interceptando resposta
2024-10-25 20:16:42,509 - WARNING - Forbidden: /api/post/
2024-10-25 20:16:43,075 - INFO - Middleware: Interceptando requisição
2024-10-25 20:16:43,075 - INFO - Middleware: Interceptando resposta
2024-10-25 20:16:43,075 - WARNING - Forbidden: /api/post/
2024-10-25 20:17:49,078 - INFO - Middleware: Interceptando requisição
2024-10-25 20:17:49,079 - INFO - Middleware: Interceptando resposta
2024-10-25 20:17:49,080 - WARNING - Forbidden: /api/post/
2024-10-25 20:17:49,082 - INFO - Middleware: Interceptando requisição
2024-10-25 20:17:49,084 - INFO - Middleware: Interceptando resposta
2024-10-25 20:17:49,085 - WARNING - Forbidden: /api/post/
2024-10-25 20:17:54,784 - INFO - Middleware: Interceptando requisição
2024-10-25 20:17:54,785 - INFO - Middleware: Interceptando resposta
2024-10-25 20:17:54,785 - WARNING - Forbidden: /api/post/
2024-10-25 20:17:54,786 - INFO - Middleware: Interceptando requisição
2024-10-25 20:17:54,789 - INFO - Middleware: Interceptando resposta
2024-10-25 20:17:54,789 - WARNING - Forbidden: /api/post/
2024-10-25 20:18:58,630 - INFO - Middleware: Interceptando requisição
2024-10-25 20:18:58,630 - INFO - Middleware: Interceptando resposta
2024-10-25 20:18:58,630 - WARNING - Forbidden: /api/post/
2024-10-25 20:18:58,631 - INFO - Middleware: Interceptando requisição
2024-10-25 20:18:58,633 - INFO - Middleware: Interceptando resposta
2024-10-25 20:18:58,633 - WARNING - Forbidden: /api/post/
2024-10-25 20:34:46,679 - INFO - Middleware: Interceptando requisição
2024-10-25 20:34:46,915 - INFO - Middleware: Interceptando resposta
2024-10-25 20:34:47,001 - INFO - Middleware: Interceptando requisição
2024-10-25 20:34:47,002 - INFO - Middleware: Interceptando resposta
2024-10-25 20:34:47,002 - WARNING - Forbidden: /api/post/
2024-10-25 20:34:47,006 - INFO - Middleware: Interceptando requisição
2024-10-25 20:34:47,009 - INFO - Middleware: Interceptando resposta
2024-10-25 20:34:47,010 - WARNING - Forbidden: /api/post/
2024-10-25 20:46:57,523 - INFO - Middleware: Interceptando requisição
2024-10-25 20:46:57,745 - INFO - Middleware: Interceptando resposta
2024-10-25 20:46:57,821 - INFO - Middleware: Interceptando requisição
2024-10-25 20:46:57,822 - INFO - Middleware: Interceptando resposta
2024-10-25 20:46:57,822 - WARNING - Forbidden: /api/post/
2024-10-25 20:46:57,831 - INFO - Middleware: Interceptando requisição
2024-10-25 20:46:57,833 - INFO - Middleware: Interceptando resposta
2024-10-25 20:46:57,833 - WARNING - Forbidden: /api/post/
2024-10-25 20:52:14,523 - INFO - Middleware: Interceptando requisição
2024-10-25 20:52:14,523 - INFO - Middleware: Interceptando resposta
2024-10-25 20:52:14,524 - WARNING - Forbidden: /api/post/
2024-10-25 20:52:14,529 - INFO - Middleware: Interceptando requisição
2024-10-25 20:52:14,530 - INFO - Middleware: Interceptando resposta
2024-10-25 20:52:14,530 - WARNING - Forbidden: /api/post/
2024-10-25 20:52:24,148 - INFO - Middleware: Interceptando requisição
2024-10-25 20:52:24,385 - INFO - Middleware: Interceptando resposta
2024-10-25 20:52:24,452 - INFO - Middleware: Interceptando requisição
2024-10-25 20:52:24,453 - INFO - Middleware: Interceptando resposta
2024-10-25 20:52:24,453 - WARNING - Forbidden: /api/post/
2024-10-25 20:52:24,454 - INFO - Middleware: Interceptando requisição
2024-10-25 20:52:24,457 - INFO - Middleware: Interceptando resposta
2024-10-25 20:52:24,458 - WARNING - Forbidden: /api/post/
2024-10-25 20:55:04,010 - INFO - Middleware: Interceptando requisição
2024-10-25 20:55:04,010 - INFO - Middleware: Interceptando resposta
2024-10-25 20:55:04,014 - INFO - Middleware: Interceptando requisição
2024-10-25 20:55:04,015 - INFO - Middleware: Interceptando resposta
2024-10-25 20:55:04,027 - INFO - Middleware: Interceptando requisição
2024-10-25 20:55:04,031 - INFO - Middleware: Interceptando resposta
2024-10-25 20:55:11,087 - INFO - Middleware: Interceptando requisição
2024-10-25 20:55:11,087 - INFO - Middleware: Interceptando resposta
2024-10-25 20:55:11,088 - WARNING - Forbidden: /api/post/
2024-10-25 20:55:13,316 - INFO - Middleware: Interceptando requisição
2024-10-25 20:55:13,318 - INFO - Middleware: Interceptando resposta
2024-10-25 20:55:13,318 - WARNING - Forbidden: /api/post/
2024-10-25 20:55:13,321 - INFO - Middleware: Interceptando requisição
2024-10-25 20:55:13,322 - INFO - Middleware: Interceptando resposta
2024-10-25 20:55:13,323 - WARNING - Forbidden: /api/post/
2024-10-25 20:55:13,976 - INFO - Middleware: Interceptando requisição
2024-10-25 20:55:13,976 - INFO - Middleware: Interceptando resposta
2024-10-25 20:55:13,977 - WARNING - Forbidden: /api/post/
2024-10-25 20:55:13,978 - INFO - Middleware: Interceptando requisição
2024-10-25 20:55:13,979 - INFO - Middleware: Interceptando resposta
2024-10-25 20:55:13,979 - WARNING - Forbidden: /api/post/
2024-10-25 20:55:14,324 - INFO - Middleware: Interceptando requisição
2024-10-25 20:55:14,325 - INFO - Middleware: Interceptando resposta
2024-10-25 20:55:14,325 - WARNING - Forbidden: /api/post/
2024-10-25 20:55:14,326 - INFO - Middleware: Interceptando requisição
2024-10-25 20:55:14,328 - INFO - Middleware: Interceptando resposta
2024-10-25 20:55:14,328 - WARNING - Forbidden: /api/post/
2024-10-25 20:55:14,770 - INFO - Middleware: Interceptando requisição
2024-10-25 20:55:14,772 - INFO - Middleware: Interceptando resposta
2024-10-25 20:55:14,772 - WARNING - Forbidden: /api/post/
2024-10-25 20:55:14,774 - INFO - Middleware: Interceptando requisição
2024-10-25 20:55:14,777 - INFO - Middleware: Interceptando resposta
2024-10-25 20:55:14,777 - WARNING - Forbidden: /api/post/
2024-10-25 21:00:03,890 - INFO - Middleware: Interceptando requisição
2024-10-25 21:00:03,892 - INFO - Middleware: Interceptando resposta
2024-10-25 21:00:03,892 - WARNING - Forbidden: /api/post/
2024-10-25 21:00:03,894 - INFO - Middleware: Interceptando requisição
2024-10-25 21:00:03,896 - INFO - Middleware: Interceptando resposta
2024-10-25 21:00:03,897 - WARNING - Forbidden: /api/post/
2024-10-25 21:00:04,548 - INFO - Middleware: Interceptando requisição
2024-10-25 21:00:04,549 - INFO - Middleware: Interceptando resposta
2024-10-25 21:00:04,549 - WARNING - Forbidden: /api/post/
2024-10-25 21:00:04,550 - INFO - Middleware: Interceptando requisição
2024-10-25 21:00:04,555 - INFO - Middleware: Interceptando resposta
2024-10-25 21:00:04,557 - WARNING - Forbidden: /api/post/
2024-10-25 21:00:35,910 - INFO - Middleware: Interceptando requisição
2024-10-25 21:00:35,912 - INFO - Middleware: Interceptando resposta
2024-10-25 21:00:35,912 - WARNING - Forbidden: /api/post/
2024-10-25 21:00:35,918 - INFO - Middleware: Interceptando requisição
2024-10-25 21:00:35,924 - INFO - Middleware: Interceptando resposta
2024-10-25 21:00:35,925 - WARNING - Forbidden: /api/post/
2024-10-25 21:01:34,452 - INFO - Middleware: Interceptando requisição
2024-10-25 21:01:34,453 - INFO - Middleware: Interceptando resposta
2024-10-25 21:01:34,453 - WARNING - Forbidden: /api/post/
2024-10-25 21:01:34,454 - INFO - Middleware: Interceptando requisição
2024-10-25 21:01:34,456 - INFO - Middleware: Interceptando resposta
2024-10-25 21:01:34,456 - WARNING - Forbidden: /api/post/
2024-10-25 21:01:35,069 - INFO - Middleware: Interceptando requisição
2024-10-25 21:01:35,070 - INFO - Middleware: Interceptando resposta
2024-10-25 21:01:35,071 - WARNING - Forbidden: /api/post/
2024-10-25 21:01:35,075 - INFO - Middleware: Interceptando requisição
2024-10-25 21:01:35,077 - INFO - Middleware: Interceptando resposta
2024-10-25 21:01:35,077 - WARNING - Forbidden: /api/post/
2024-10-25 21:03:19,911 - INFO - Middleware: Interceptando requisição
2024-10-25 21:03:19,912 - INFO - Middleware: Interceptando resposta
2024-10-25 21:03:19,912 - WARNING - Forbidden: /api/post/
2024-10-25 21:03:19,913 - INFO - Middleware: Interceptando requisição
2024-10-25 21:03:19,915 - INFO - Middleware: Interceptando resposta
2024-10-25 21:03:19,917 - WARNING - Forbidden: /api/post/
2024-10-25 21:11:28,986 - INFO - Middleware: Interceptando requisição
2024-10-25 21:11:29,221 - INFO - Middleware: Interceptando resposta
2024-10-25 21:11:29,301 - INFO - Middleware: Interceptando requisição
2024-10-25 21:11:29,302 - INFO - Middleware: Interceptando resposta
2024-10-25 21:11:29,303 - WARNING - Forbidden: /api/post/
2024-10-25 21:11:29,304 - INFO - Middleware: Interceptando requisição
2024-10-25 21:11:29,306 - INFO - Middleware: Interceptando resposta
2024-10-25 21:11:29,307 - WARNING - Forbidden: /api/post/
2024-10-25 21:13:35,944 - INFO - Middleware: Interceptando requisição
2024-10-25 21:13:35,946 - INFO - Middleware: Interceptando resposta
2024-10-25 21:13:35,946 - WARNING - Forbidden: /api/post/
2024-10-25 21:13:35,948 - INFO - Middleware: Interceptando requisição
2024-10-25 21:13:35,949 - INFO - Middleware: Interceptando resposta
2024-10-25 21:13:35,950 - WARNING - Forbidden: /api/post/
2024-10-25 21:13:42,839 - INFO - Middleware: Interceptando requisição
2024-10-25 21:13:42,841 - INFO - Middleware: Interceptando resposta
2024-10-25 21:13:42,841 - WARNING - Forbidden: /api/post/
2024-10-25 21:13:42,843 - INFO - Middleware: Interceptando requisição
2024-10-25 21:13:42,845 - INFO - Middleware: Interceptando resposta
2024-10-25 21:13:42,845 - WARNING - Forbidden: /api/post/
2024-10-25 21:14:10,400 - INFO - Middleware: Interceptando requisição
2024-10-25 21:14:10,402 - INFO - Middleware: Interceptando resposta
2024-10-25 21:14:10,402 - WARNING - Forbidden: /api/post/
2024-10-25 21:14:10,405 - INFO - Middleware: Interceptando requisição
2024-10-25 21:14:10,407 - INFO - Middleware: Interceptando resposta
2024-10-25 21:14:10,409 - WARNING - Forbidden: /api/post/
2024-10-25 21:15:59,549 - INFO - Middleware: Interceptando requisição
2024-10-25 21:15:59,550 - INFO - Middleware: Interceptando resposta
2024-10-25 21:15:59,550 - WARNING - Forbidden: /api/post/
2024-10-25 21:15:59,551 - INFO - Middleware: Interceptando requisição
2024-10-25 21:15:59,552 - INFO - Middleware: Interceptando resposta
2024-10-25 21:15:59,552 - WARNING - Forbidden: /api/post/
2024-10-25 21:16:46,791 - INFO - Middleware: Interceptando requisição
2024-10-25 21:16:46,792 - INFO - Middleware: Interceptando resposta
2024-10-25 21:16:46,793 - WARNING - Forbidden: /api/post/
2024-10-25 21:16:46,799 - INFO - Middleware: Interceptando requisição
2024-10-25 21:16:46,800 - INFO - Middleware: Interceptando resposta
2024-10-25 21:16:46,801 - WARNING - Forbidden: /api/post/
2024-10-25 21:27:43,483 - INFO - Middleware: Interceptando requisição
2024-10-25 21:27:43,719 - INFO - Middleware: Interceptando resposta
2024-10-25 21:27:43,784 - INFO - Middleware: Interceptando requisição
2024-10-25 21:27:43,789 - INFO - Middleware: Interceptando resposta
2024-10-25 21:27:43,790 - WARNING - Not Found: /api/posts/
2024-10-25 21:27:43,792 - INFO - Middleware: Interceptando requisição
2024-10-25 21:27:43,798 - INFO - Middleware: Interceptando resposta
2024-10-25 21:27:43,798 - WARNING - Not Found: /api/posts/
2024-10-25 21:28:30,935 - INFO - Middleware: Interceptando requisição
2024-10-25 21:28:30,942 - INFO - Middleware: Interceptando resposta
2024-10-25 21:28:30,942 - WARNING - Not Found: /api/posts/
2024-10-25 21:28:32,163 - INFO - Middleware: Interceptando requisição
2024-10-25 21:28:32,169 - INFO - Middleware: Interceptando resposta
2024-10-25 21:28:32,169 - WARNING - Not Found: /api/posts/
2024-10-25 21:28:32,344 - INFO - Middleware: Interceptando requisição
2024-10-25 21:28:32,350 - INFO - Middleware: Interceptando resposta
2024-10-25 21:28:32,350 - WARNING - Not Found: /api/posts/
2024-10-25 21:28:33,722 - INFO - Middleware: Interceptando requisição
2024-10-25 21:28:33,729 - INFO - Middleware: Interceptando resposta
2024-10-25 21:28:33,730 - WARNING - Not Found: /api/posts/
2024-10-25 21:28:34,042 - INFO - Middleware: Interceptando requisição
2024-10-25 21:28:34,048 - INFO - Middleware: Interceptando resposta
2024-10-25 21:28:34,048 - WARNING - Not Found: /api/posts/
2024-10-25 21:28:34,768 - INFO - Middleware: Interceptando requisição
2024-10-25 21:28:34,775 - INFO - Middleware: Interceptando resposta
2024-10-25 21:28:34,775 - WARNING - Not Found: /api/posts/
2024-10-25 21:28:34,777 - INFO - Middleware: Interceptando requisição
2024-10-25 21:28:34,783 - INFO - Middleware: Interceptando resposta
2024-10-25 21:28:34,783 - WARNING - Not Found: /api/posts/
2024-10-25 21:29:06,404 - INFO - Middleware: Interceptando requisição
2024-10-25 21:29:06,404 - INFO - Middleware: Interceptando resposta
2024-10-25 21:29:06,405 - WARNING - Forbidden: /api/post/
2024-10-25 21:29:09,099 - INFO - Middleware: Interceptando requisição
2024-10-25 21:29:09,100 - INFO - Middleware: Interceptando resposta
2024-10-25 21:29:09,100 - WARNING - Forbidden: /api/post/
2024-10-25 21:29:09,103 - INFO - Middleware: Interceptando requisição
2024-10-25 21:29:09,105 - INFO - Middleware: Interceptando resposta
2024-10-25 21:29:09,106 - WARNING - Forbidden: /api/post/
2024-10-25 21:29:09,653 - INFO - Middleware: Interceptando requisição
2024-10-25 21:29:09,654 - INFO - Middleware: Interceptando resposta
2024-10-25 21:29:09,655 - WARNING - Forbidden: /api/post/
2024-10-25 21:29:09,658 - INFO - Middleware: Interceptando requisição
2024-10-25 21:29:09,660 - INFO - Middleware: Interceptando resposta
2024-10-25 21:29:09,660 - WARNING - Forbidden: /api/post/
2024-10-25 21:29:10,112 - INFO - Middleware: Interceptando requisição
2024-10-25 21:29:10,113 - INFO - Middleware: Interceptando resposta
2024-10-25 21:29:10,113 - WARNING - Forbidden: /api/post/
2024-10-25 21:29:10,114 - INFO - Middleware: Interceptando requisição
2024-10-25 21:29:10,115 - INFO - Middleware: Interceptando resposta
2024-10-25 21:29:10,116 - WARNING - Forbidden: /api/post/
2024-10-25 21:33:30,860 - INFO - /home/saulojustiniano/www/ads/github/solar/apps/backend/backend/settings.py changed, reloading.
2024-10-25 21:33:31,148 - INFO - Watching for file changes with StatReloader
2024-10-25 21:33:39,381 - INFO - /home/saulojustiniano/www/ads/github/solar/apps/backend/backend/settings.py changed, reloading.
2024-10-25 21:33:39,626 - INFO - Watching for file changes with StatReloader
2024-10-25 21:33:58,243 - INFO - Watching for file changes with StatReloader
2024-10-25 21:34:14,874 - INFO - Watching for file changes with StatReloader
2024-10-25 21:34:25,740 - INFO - Middleware: Interceptando requisição
2024-10-25 21:34:25,967 - INFO - Middleware: Interceptando resposta
2024-10-25 21:34:26,031 - INFO - Middleware: Interceptando requisição
2024-10-25 21:34:26,032 - INFO - Middleware: Interceptando resposta
2024-10-25 21:34:26,033 - WARNING - Forbidden: /api/post/
2024-10-25 21:34:26,038 - INFO - Middleware: Interceptando requisição
2024-10-25 21:34:26,039 - INFO - Middleware: Interceptando resposta
2024-10-25 21:34:26,039 - WARNING - Forbidden: /api/post/
2024-10-25 21:35:49,393 - INFO - /home/saulojustiniano/www/ads/github/solar/apps/backend/plataforma/api/viewsets.py changed, reloading.
2024-10-25 21:35:49,663 - INFO - Watching for file changes with StatReloader
2024-10-25 21:37:45,087 - INFO - Middleware: Interceptando requisição
2024-10-25 21:37:45,089 - INFO - Middleware: Interceptando resposta
2024-10-25 21:37:45,089 - WARNING - Forbidden: /api/post/
2024-10-25 21:37:57,070 - INFO - Middleware: Interceptando requisição
2024-10-25 21:37:57,071 - INFO - Middleware: Interceptando resposta
2024-10-25 21:37:57,072 - WARNING - Forbidden: /api/post/
2024-10-25 21:37:57,077 - INFO - Middleware: Interceptando requisição
2024-10-25 21:37:57,079 - INFO - Middleware: Interceptando resposta
2024-10-25 21:37:57,079 - WARNING - Forbidden: /api/post/
2024-10-25 21:37:57,529 - INFO - Middleware: Interceptando requisição
2024-10-25 21:37:57,530 - INFO - Middleware: Interceptando resposta
2024-10-25 21:37:57,530 - WARNING - Forbidden: /api/post/
2024-10-25 21:37:57,531 - INFO - Middleware: Interceptando requisição
2024-10-25 21:37:57,533 - INFO - Middleware: Interceptando resposta
2024-10-25 21:37:57,533 - WARNING - Forbidden: /api/post/
2024-10-25 21:37:57,744 - INFO - Middleware: Interceptando requisição
2024-10-25 21:37:57,745 - INFO - Middleware: Interceptando resposta
2024-10-25 21:37:57,745 - WARNING - Forbidden: /api/post/
2024-10-25 21:37:57,747 - INFO - Middleware: Interceptando requisição
2024-10-25 21:37:57,749 - INFO - Middleware: Interceptando resposta
2024-10-25 21:37:57,749 - WARNING - Forbidden: /api/post/
2024-10-25 21:38:12,670 - INFO - Middleware: Interceptando requisição
2024-10-25 21:38:12,671 - INFO - Middleware: Interceptando resposta
2024-10-25 21:38:12,671 - WARNING - Forbidden: /api/post/
2024-10-25 21:38:12,822 - INFO - Middleware: Interceptando requisição
2024-10-25 21:38:12,823 - INFO - Middleware: Interceptando resposta
2024-10-25 21:38:12,823 - WARNING - Forbidden: /api/post/
2024-10-25 21:38:12,992 - INFO - Middleware: Interceptando requisição
2024-10-25 21:38:12,993 - INFO - Middleware: Interceptando resposta
2024-10-25 21:38:12,993 - WARNING - Forbidden: /api/post/
2024-10-25 21:38:17,590 - INFO - Middleware: Interceptando requisição
2024-10-25 21:38:17,591 - INFO - Middleware: Interceptando resposta
2024-10-25 21:38:17,591 - WARNING - Forbidden: /api/post/
2024-10-25 21:38:17,597 - INFO - Middleware: Interceptando requisição
2024-10-25 21:38:17,599 - INFO - Middleware: Interceptando resposta
2024-10-25 21:38:17,599 - WARNING - Forbidden: /api/post/
2024-10-25 21:39:36,081 - INFO - Middleware: Interceptando requisição
2024-10-25 21:39:36,082 - INFO - Middleware: Interceptando resposta
2024-10-25 21:39:36,082 - WARNING - Forbidden: /api/post/
2024-10-25 21:40:29,834 - INFO - Middleware: Interceptando requisição
2024-10-25 21:40:29,835 - INFO - Middleware: Interceptando resposta
2024-10-25 21:40:29,836 - WARNING - Forbidden: /api/post/
2024-10-25 21:40:29,837 - INFO - Middleware: Interceptando requisição
2024-10-25 21:40:29,839 - INFO - Middleware: Interceptando resposta
2024-10-25 21:40:29,840 - WARNING - Forbidden: /api/post/
2024-10-25 21:40:44,111 - INFO - Middleware: Interceptando requisição
2024-10-25 21:40:44,339 - INFO - Middleware: Interceptando resposta
2024-10-25 21:40:44,403 - INFO - Middleware: Interceptando requisição
2024-10-25 21:40:44,403 - INFO - Middleware: Interceptando resposta
2024-10-25 21:40:44,404 - WARNING - Forbidden: /api/post/
2024-10-25 21:40:44,405 - INFO - Middleware: Interceptando requisição
2024-10-25 21:40:44,407 - INFO - Middleware: Interceptando resposta
2024-10-25 21:40:44,407 - WARNING - Forbidden: /api/post/
2024-10-25 21:40:57,862 - INFO - Middleware: Interceptando requisição
2024-10-25 21:40:57,864 - INFO - Middleware: Interceptando resposta
2024-10-25 21:40:57,864 - WARNING - Forbidden: /api/post/
2024-10-25 21:41:02,235 - INFO - Middleware: Interceptando requisição
2024-10-25 21:41:02,236 - INFO - Middleware: Interceptando resposta
2024-10-25 21:41:02,236 - WARNING - Forbidden: /api/post/
2024-10-25 21:41:02,238 - INFO - Middleware: Interceptando requisição
2024-10-25 21:41:02,239 - INFO - Middleware: Interceptando resposta
2024-10-25 21:41:02,240 - WARNING - Forbidden: /api/post/
2024-10-25 21:41:08,024 - INFO - Middleware: Interceptando requisição
2024-10-25 21:41:08,025 - INFO - Middleware: Interceptando resposta
2024-10-25 21:41:08,026 - WARNING - Bad Request: /api/token/
2024-10-25 21:41:10,416 - INFO - Middleware: Interceptando requisição
2024-10-25 21:41:10,653 - INFO - Middleware: Interceptando resposta
2024-10-25 21:41:10,713 - INFO - Middleware: Interceptando requisição
2024-10-25 21:41:10,715 - INFO - Middleware: Interceptando resposta
2024-10-25 21:41:10,715 - WARNING - Forbidden: /api/post/
2024-10-25 21:41:10,717 - INFO - Middleware: Interceptando requisição
2024-10-25 21:41:10,719 - INFO - Middleware: Interceptando resposta
2024-10-25 21:41:10,719 - WARNING - Forbidden: /api/post/
2024-10-25 21:41:12,473 - INFO - Middleware: Interceptando requisição
2024-10-25 21:41:12,473 - INFO - Middleware: Interceptando resposta
2024-10-25 21:41:12,473 - WARNING - Forbidden: /api/post/
2024-10-25 21:41:12,475 - INFO - Middleware: Interceptando requisição
2024-10-25 21:41:12,476 - INFO - Middleware: Interceptando resposta
2024-10-25 21:41:12,476 - WARNING - Forbidden: /api/post/
2024-10-25 21:42:49,524 - INFO - Middleware: Interceptando requisição
2024-10-25 21:42:49,525 - INFO - Middleware: Interceptando resposta
2024-10-25 21:42:49,525 - WARNING - Forbidden: /api/post/
2024-10-25 21:42:49,531 - INFO - Middleware: Interceptando requisição
2024-10-25 21:42:49,535 - INFO - Middleware: Interceptando resposta
2024-10-25 21:42:49,535 - WARNING - Forbidden: /api/post/
2024-10-25 21:42:59,980 - INFO - Middleware: Interceptando requisição
2024-10-25 21:42:59,981 - INFO - Middleware: Interceptando resposta
2024-10-25 21:42:59,981 - WARNING - Forbidden: /api/post/
2024-10-25 21:42:59,983 - INFO - Middleware: Interceptando requisição
2024-10-25 21:42:59,985 - INFO - Middleware: Interceptando resposta
2024-10-25 21:42:59,985 - WARNING - Forbidden: /api/post/
2024-10-25 21:49:03,283 - INFO - /home/saulojustiniano/www/ads/github/solar/apps/backend/plataforma/api/viewsets.py changed, reloading.
2024-10-25 21:49:03,571 - INFO - Watching for file changes with StatReloader
2024-10-25 21:49:27,062 - INFO - /home/saulojustiniano/www/ads/github/solar/apps/backend/plataforma/api/viewsets.py changed, reloading.
2024-10-25 21:49:27,342 - INFO - Watching for file changes with StatReloader
2024-10-25 21:49:34,578 - INFO - /home/saulojustiniano/www/ads/github/solar/apps/backend/plataforma/api/viewsets.py changed, reloading.
2024-10-25 21:49:34,865 - INFO - Watching for file changes with StatReloader
2024-10-25 21:51:27,237 - INFO - Watching for file changes with StatReloader
2024-10-25 21:56:17,260 - INFO - Middleware: Interceptando requisição
2024-10-25 21:56:17,284 - INFO - Middleware: Interceptando resposta
2024-10-25 21:56:17,291 - INFO - Middleware: Interceptando requisição
2024-10-25 21:56:17,320 - INFO - Middleware: Interceptando resposta
2024-10-25 21:56:22,595 - INFO - Middleware: Interceptando requisição
2024-10-25 21:56:22,836 - INFO - Middleware: Interceptando resposta
2024-10-25 21:56:22,846 - INFO - Middleware: Interceptando requisição
2024-10-25 21:56:22,872 - INFO - Middleware: Interceptando resposta
2024-10-25 21:59:59,109 - INFO - Middleware: Interceptando requisição
2024-10-25 21:59:59,110 - INFO - Middleware: Interceptando resposta
2024-10-25 21:59:59,115 - INFO - Middleware: Interceptando requisição
2024-10-25 21:59:59,352 - INFO - Middleware: Interceptando resposta
2024-10-25 21:59:59,476 - INFO - Middleware: Interceptando requisição
2024-10-25 21:59:59,476 - INFO - Middleware: Interceptando resposta
2024-10-25 21:59:59,478 - INFO - Middleware: Interceptando requisição
2024-10-25 21:59:59,478 - INFO - Middleware: Interceptando resposta
2024-10-25 21:59:59,487 - INFO - Middleware: Interceptando requisição
2024-10-25 21:59:59,488 - INFO - Middleware: Interceptando resposta
2024-10-25 21:59:59,488 - WARNING - Forbidden: /api/post/
2024-10-25 21:59:59,530 - INFO - Middleware: Interceptando requisição
2024-10-25 21:59:59,531 - INFO - Middleware: Interceptando resposta
2024-10-25 21:59:59,531 - WARNING - Forbidden: /api/post/
2024-10-25 22:00:10,609 - INFO - Middleware: Interceptando requisição
2024-10-25 22:00:10,618 - INFO - Middleware: Interceptando resposta
2024-10-25 22:00:10,618 - WARNING - Not Found: /api/posts/
2024-10-25 22:00:25,342 - INFO - Middleware: Interceptando requisição
2024-10-25 22:00:25,347 - INFO - Middleware: Interceptando resposta
2024-10-25 22:00:25,347 - WARNING - Not Found: /api/posts/
2024-10-25 22:06:07,179 - INFO - Middleware: Interceptando requisição
2024-10-25 22:06:07,185 - INFO - Middleware: Interceptando resposta
2024-10-25 22:06:07,185 - WARNING - Not Found: /api/posts/
2024-10-25 22:09:35,922 - INFO - Middleware: Interceptando requisição
2024-10-25 22:09:35,926 - INFO - Middleware: Interceptando resposta
2024-10-25 22:09:35,926 - WARNING - Not Found: /api/posts/
2024-10-25 22:09:36,707 - INFO - Middleware: Interceptando requisição
2024-10-25 22:09:36,711 - INFO - Middleware: Interceptando resposta
2024-10-25 22:09:36,711 - WARNING - Not Found: /api/posts/
2024-10-25 22:09:41,601 - INFO - Middleware: Interceptando requisição
2024-10-25 22:09:41,608 - INFO - Middleware: Interceptando resposta
2024-10-25 22:09:41,609 - WARNING - Not Found: /api/posts/
2024-10-25 22:26:43,161 - INFO - Middleware: Interceptando requisição
2024-10-25 22:26:43,162 - INFO - Middleware: Interceptando resposta
2024-10-25 22:26:43,162 - INFO - Middleware: Interceptando requisição
2024-10-25 22:26:43,163 - INFO - Middleware: Interceptando resposta
2024-10-25 22:26:43,169 - INFO - Middleware: Interceptando requisição
2024-10-25 22:26:43,173 - INFO - Middleware: Interceptando resposta
2024-10-25 22:26:43,173 - WARNING - Not Found: /api/posts/
2024-10-25 22:26:43,215 - INFO - Middleware: Interceptando requisição
2024-10-25 22:26:43,219 - INFO - Middleware: Interceptando resposta
2024-10-25 22:26:43,219 - WARNING - Not Found: /api/posts/
2024-10-25 22:27:50,783 - INFO - Middleware: Interceptando requisição
2024-10-25 22:27:50,783 - INFO - Middleware: Interceptando resposta
2024-10-25 22:27:50,789 - INFO - Middleware: Interceptando requisição
2024-10-25 22:27:50,790 - INFO - Middleware: Interceptando resposta
2024-10-25 22:27:50,795 - INFO - Middleware: Interceptando requisição
2024-10-25 22:27:50,799 - INFO - Middleware: Interceptando resposta
2024-10-25 22:27:50,800 - WARNING - Not Found: /api/posts/1/
2024-10-25 22:27:50,840 - INFO - Middleware: Interceptando requisição
2024-10-25 22:27:50,845 - INFO - Middleware: Interceptando resposta
2024-10-25 22:27:50,845 - WARNING - Not Found: /api/posts/1/
2024-10-25 22:28:00,760 - INFO - Middleware: Interceptando requisição
2024-10-25 22:28:00,764 - INFO - Middleware: Interceptando resposta
2024-10-25 22:28:00,765 - WARNING - Not Found: /api/posts/1/
2024-10-25 22:28:00,766 - INFO - Middleware: Interceptando requisição
2024-10-25 22:28:00,770 - INFO - Middleware: Interceptando resposta
2024-10-25 22:28:00,770 - WARNING - Not Found: /api/posts/1/
2024-10-25 22:28:10,833 - INFO - Middleware: Interceptando requisição
2024-10-25 22:28:10,833 - INFO - Middleware: Interceptando resposta
2024-10-25 22:28:10,836 - INFO - Middleware: Interceptando requisição
2024-10-25 22:28:10,837 - INFO - Middleware: Interceptando resposta
2024-10-25 22:28:10,846 - INFO - Middleware: Interceptando requisição
2024-10-25 22:28:10,850 - INFO - Middleware: Interceptando resposta
2024-10-25 22:28:10,851 - WARNING - Not Found: /api/posts/6/
2024-10-25 22:28:10,894 - INFO - Middleware: Interceptando requisição
2024-10-25 22:28:10,899 - INFO - Middleware: Interceptando resposta
2024-10-25 22:28:10,900 - WARNING - Not Found: /api/posts/6/
2024-10-25 22:28:16,650 - INFO - Middleware: Interceptando requisição
2024-10-25 22:28:16,658 - INFO - Middleware: Interceptando resposta
2024-10-25 22:28:16,658 - WARNING - Not Found: /api/posts/6/
2024-10-25 22:28:16,659 - INFO - Middleware: Interceptando requisição
2024-10-25 22:28:16,663 - INFO - Middleware: Interceptando resposta
2024-10-25 22:28:16,664 - WARNING - Not Found: /api/posts/6/
